<?xml version="1.0" encoding="UTF-8"?>
<!-- Generated by org.testng.reporters.JUnitXMLReporter -->
<testsuite ignored="16" hostname="LAPTOP-NBHH8J66" failures="1" tests="14" name="AllTests" time="148.185" errors="0" timestamp="2025-09-07T23:25:11 IST">
  <testcase classname="testcases.LoginPageTest" name="verifyLoginFunctionality" time="6.613"/>
  <testcase classname="testcases.LoginPageTest" name="verifySignupFunctionality" time="5.393"/>
  <testcase classname="testcases.LoginPageTest" name="verifyInvalidLoginShowsError" time="13.685"/>
  <testcase classname="testcases.UserManagementTest" name="registerUser" time="19.599"/>
  <testcase classname="testcases.UserManagementTest" name="deleteUser" time="7.864"/>
  <testcase classname="testcases.ProductPageTest" name="verifyAddProductToCart" time="5.956"/>
  <testcase classname="testcases.ProductPageTest" name="verifyViewProduct" time="26.254"/>
  <testcase classname="testcases.CheckoutPageTest" name="verifyCheckoutPageAndPlaceOrder" time="10.489"/>
  <testcase classname="testcases.TestCasesPageTest" name="verifyTestCasesPage" time="4.612"/>
  <testcase classname="testcases.CartPageTest" name="verifyCartAndProceedToCheckout" time="7.311"/>
  <testcase classname="testcases.PaymentPageTest" name="verifyPaymentAndConfirmOrder" time="2.733">
    <failure type="java.lang.AssertionError" message="Order confirmation message not found! expected [true] but found [false]">
      <![CDATA[java.lang.AssertionError: Order confirmation message not found! expected [true] but found [false]
at testcases.PaymentPageTest.verifyPaymentAndConfirmOrder(PaymentPageTest.java:16)
at java.base/java.util.ArrayList.forEach(ArrayList.java:1511)
... Removed 30 stack frames]]>
    </failure>
  </testcase> <!-- verifyPaymentAndConfirmOrder -->
  <testcase classname="testcases.HomePageTest" name="verifyHomePageTitle" time="3.994"/>
  <testcase classname="testcases.HomePageTest" name="verifySignUpButtonNavigation" time="4.43"/>
  <testcase classname="testcases.ContactUsTest" name="verifyContactUsFormSubmission" time="4.822"/>
  <testcase classname="testcases.BaseTest" name="@BeforeSuite setupExtent" time="0.0">
    <ignored/>
  </testcase> <!-- @BeforeSuite setupExtent -->
  <testcase classname="testcases.BaseTest" name="@AfterSuite tearDownExtent" time="0.0">
    <ignored/>
  </testcase> <!-- @AfterSuite tearDownExtent -->
  <testcase classname="testcases.BaseTest" name="@AfterSuite tearDownExtent" time="0.0">
    <ignored/>
  </testcase> <!-- @AfterSuite tearDownExtent -->
  <testcase classname="testcases.BaseTest" name="@AfterSuite tearDownExtent" time="0.0">
    <ignored/>
  </testcase> <!-- @AfterSuite tearDownExtent -->
  <testcase classname="testcases.BaseTest" name="@BeforeSuite setupExtent" time="0.0">
    <ignored/>
  </testcase> <!-- @BeforeSuite setupExtent -->
  <testcase classname="testcases.BaseTest" name="@AfterSuite tearDownExtent" time="0.0">
    <ignored/>
  </testcase> <!-- @AfterSuite tearDownExtent -->
  <testcase classname="testcases.BaseTest" name="@BeforeSuite setupExtent" time="0.0">
    <ignored/>
  </testcase> <!-- @BeforeSuite setupExtent -->
  <testcase classname="testcases.BaseTest" name="@BeforeSuite setupExtent" time="0.0">
    <ignored/>
  </testcase> <!-- @BeforeSuite setupExtent -->
  <testcase classname="testcases.BaseTest" name="@AfterSuite tearDownExtent" time="0.0">
    <ignored/>
  </testcase> <!-- @AfterSuite tearDownExtent -->
  <testcase classname="testcases.BaseTest" name="@BeforeSuite setupExtent" time="0.0">
    <ignored/>
  </testcase> <!-- @BeforeSuite setupExtent -->
  <testcase classname="testcases.BaseTest" name="@BeforeSuite setupExtent" time="0.0">
    <ignored/>
  </testcase> <!-- @BeforeSuite setupExtent -->
  <testcase classname="testcases.BaseTest" name="@BeforeSuite setupExtent" time="0.0">
    <ignored/>
  </testcase> <!-- @BeforeSuite setupExtent -->
  <testcase classname="testcases.BaseTest" name="@BeforeSuite setupExtent" time="0.0">
    <ignored/>
  </testcase> <!-- @BeforeSuite setupExtent -->
  <testcase classname="testcases.BaseTest" name="@AfterSuite tearDownExtent" time="0.0">
    <ignored/>
  </testcase> <!-- @AfterSuite tearDownExtent -->
  <testcase classname="testcases.BaseTest" name="@AfterSuite tearDownExtent" time="0.0">
    <ignored/>
  </testcase> <!-- @AfterSuite tearDownExtent -->
  <testcase classname="testcases.BaseTest" name="@AfterSuite tearDownExtent" time="0.0">
    <ignored/>
  </testcase> <!-- @AfterSuite tearDownExtent -->
</testsuite> <!-- AllTests -->
