<html>
<head>
<title>TestNG:  AllTests</title>
<link href="../testng.css" rel="stylesheet" type="text/css" />
<link href="../my-testng.css" rel="stylesheet" type="text/css" />

<style type="text/css">
.log { display: none;} 
.stack-trace { display: none;} 
</style>
<script type="text/javascript">
<!--
function flip(e) {
  current = e.style.display;
  if (current == 'block') {
    e.style.display = 'none';
    return 0;
  }
  else {
    e.style.display = 'block';
    return 1;
  }
}

function toggleBox(szDivId, elem, msg1, msg2)
{
  var res = -1;  if (document.getElementById) {
    res = flip(document.getElementById(szDivId));
  }
  else if (document.all) {
    // this is the way old msie versions work
    res = flip(document.all[szDivId]);
  }
  if(elem) {
    if(res == 0) elem.innerHTML = msg1; else elem.innerHTML = msg2;
  }

}

function toggleAllBoxes() {
  if (document.getElementsByTagName) {
    d = document.getElementsByTagName('div');
    for (i = 0; i < d.length; i++) {
      if (d[i].className == 'log') {
        flip(d[i]);
      }
    }
  }
}

// -->
</script>

</head>
<body>
<h2 align='center'>AllTests</h2><table border='1' align="center">
<tr>
<td>Tests passed/Failed/Skipped:</td><td>13/1/0</td>
</tr><tr>
<td>Started on:</td><td>Sun Sep 07 23:22:42 IST 2025</td>
</tr>
<tr><td>Total time:</td><td>148 seconds (148185 ms)</td>
</tr><tr>
<td>Included groups:</td><td></td>
</tr><tr>
<td>Excluded groups:</td><td></td>
</tr>
</table><p/>
<small><i>(Hover the method name to see the test class name)</i></small><p/>
<table width='100%' border='1' class='invocation-failed'>
<tr><td colspan='4' align='center'><b>FAILED TESTS</b></td></tr>
<tr><td><b>Test method</b></td>
<td><b>Attribute(s)</b></td>
<td width="30%"><b>Exception</b></td>
<td width="10%"><b>Time (seconds)</b></td>
<td><b>Instance</b></td>
</tr>
<tr>
<td title='testcases.PaymentPageTest.verifyPaymentAndConfirmOrder()'><b>verifyPaymentAndConfirmOrder</b><br>Test class: testcases.PaymentPageTest</td>
<td><div><pre>java.lang.AssertionError: Order confirmation message not found! expected [true] but found [false]
	at testcases.PaymentPageTest.verifyPaymentAndConfirmOrder(PaymentPageTest.java:16)
	at java.base/java.util.ArrayList.forEach(ArrayList.java:1511)
... Removed 30 stack frames</pre></div><a href='#' onClick='toggleBox("stack-trace1301865499", this, "Click to show all stack frames", "Click to hide stack frames")'>Click to show all stack frames</a>
<div class='stack-trace' id='stack-trace1301865499'><pre>java.lang.AssertionError: Order confirmation message not found! expected [true] but found [false]
	at org.testng.Assert.fail(Assert.java:111)
	at org.testng.Assert.failNotEquals(Assert.java:1590)
	at org.testng.Assert.assertTrue(Assert.java:57)
	at testcases.PaymentPageTest.verifyPaymentAndConfirmOrder(PaymentPageTest.java:16)
	at java.base/jdk.internal.reflect.NativeMethodAccessorImpl.invoke0(Native Method)
	at java.base/jdk.internal.reflect.NativeMethodAccessorImpl.invoke(NativeMethodAccessorImpl.java:77)
	at java.base/jdk.internal.reflect.DelegatingMethodAccessorImpl.invoke(DelegatingMethodAccessorImpl.java:43)
	at java.base/java.lang.reflect.Method.invoke(Method.java:568)
	at org.testng.internal.invokers.MethodInvocationHelper.invokeMethod(MethodInvocationHelper.java:141)
	at org.testng.internal.invokers.TestInvoker.invokeMethod(TestInvoker.java:687)
	at org.testng.internal.invokers.TestInvoker.invokeTestMethod(TestInvoker.java:230)
	at org.testng.internal.invokers.MethodRunner.runInSequence(MethodRunner.java:63)
	at org.testng.internal.invokers.TestInvoker$MethodInvocationAgent.invoke(TestInvoker.java:995)
	at org.testng.internal.invokers.TestInvoker.invokeTestMethods(TestInvoker.java:203)
	at org.testng.internal.invokers.TestMethodWorker.invokeTestMethods(TestMethodWorker.java:154)
	at org.testng.internal.invokers.TestMethodWorker.run(TestMethodWorker.java:134)
	at java.base/java.util.ArrayList.forEach(ArrayList.java:1511)
	at org.testng.TestRunner.privateRun(TestRunner.java:741)
	at org.testng.TestRunner.run(TestRunner.java:616)
	at org.testng.SuiteRunner.runTest(SuiteRunner.java:421)
	at org.testng.SuiteRunner.runSequentially(SuiteRunner.java:413)
	at org.testng.SuiteRunner.privateRun(SuiteRunner.java:373)
	at org.testng.SuiteRunner.run(SuiteRunner.java:312)
	at org.testng.SuiteRunnerWorker.runSuite(SuiteRunnerWorker.java:52)
	at org.testng.SuiteRunnerWorker.run(SuiteRunnerWorker.java:95)
	at org.testng.TestNG.runSuitesSequentially(TestNG.java:1274)
	at org.testng.TestNG.runSuitesLocally(TestNG.java:1208)
	at org.testng.TestNG.runSuites(TestNG.java:1112)
	at org.testng.TestNG.run(TestNG.java:1079)
	at org.testng.remote.AbstractRemoteTestNG.run(AbstractRemoteTestNG.java:115)
	at org.testng.remote.RemoteTestNG.initAndRun(RemoteTestNG.java:293)
	at org.testng.remote.RemoteTestNG.main(RemoteTestNG.java:91)
</pre></div></td>
<td>2</td>
<td>testcases.PaymentPageTest@385e9564</td></tr>
</table><p>
<table width='100%' border='1' class='invocation-passed'>
<tr><td colspan='4' align='center'><b>PASSED TESTS</b></td></tr>
<tr><td><b>Test method</b></td>
<td><b>Attribute(s)</b></td>
<td width="30%"><b>Exception</b></td>
<td width="10%"><b>Time (seconds)</b></td>
<td><b>Instance</b></td>
</tr>
<tr>
<td title='testcases.UserManagementTest.deleteUser()'><b>deleteUser</b><br>Test class: testcases.UserManagementTest</td>
<td></td>
<td>7</td>
<td>testcases.UserManagementTest@1190200a</td></tr>
<tr>
<td title='testcases.TestCasesPageTest.verifyTestCasesPage()'><b>verifyTestCasesPage</b><br>Test class: testcases.TestCasesPageTest</td>
<td></td>
<td>4</td>
<td>testcases.TestCasesPageTest@399c4be1</td></tr>
<tr>
<td title='testcases.ProductPageTest.verifyViewProduct()'><b>verifyViewProduct</b><br>Test class: testcases.ProductPageTest</td>
<td></td>
<td>26</td>
<td>testcases.ProductPageTest@6a2f6f80</td></tr>
<tr>
<td title='testcases.CheckoutPageTest.verifyCheckoutPageAndPlaceOrder()'><b>verifyCheckoutPageAndPlaceOrder</b><br>Test class: testcases.CheckoutPageTest</td>
<td></td>
<td>10</td>
<td>testcases.CheckoutPageTest@45b4c3a9</td></tr>
<tr>
<td title='testcases.UserManagementTest.registerUser()'><b>registerUser</b><br>Test class: testcases.UserManagementTest</td>
<td></td>
<td>19</td>
<td>testcases.UserManagementTest@1190200a</td></tr>
<tr>
<td title='testcases.ProductPageTest.verifyAddProductToCart()'><b>verifyAddProductToCart</b><br>Test class: testcases.ProductPageTest</td>
<td></td>
<td>5</td>
<td>testcases.ProductPageTest@6a2f6f80</td></tr>
<tr>
<td title='testcases.ContactUsTest.verifyContactUsFormSubmission()'><b>verifyContactUsFormSubmission</b><br>Test class: testcases.ContactUsTest</td>
<td></td>
<td>4</td>
<td>testcases.ContactUsTest@8c3b9d</td></tr>
<tr>
<td title='testcases.LoginPageTest.verifyLoginFunctionality()'><b>verifyLoginFunctionality</b><br>Test class: testcases.LoginPageTest</td>
<td></td>
<td>6</td>
<td>testcases.LoginPageTest@71e9ddb4</td></tr>
<tr>
<td title='testcases.CartPageTest.verifyCartAndProceedToCheckout()'><b>verifyCartAndProceedToCheckout</b><br>Test class: testcases.CartPageTest</td>
<td></td>
<td>7</td>
<td>testcases.CartPageTest@291caca8</td></tr>
<tr>
<td title='testcases.HomePageTest.verifyHomePageTitle()'><b>verifyHomePageTitle</b><br>Test class: testcases.HomePageTest</td>
<td></td>
<td>3</td>
<td>testcases.HomePageTest@5b94b04d</td></tr>
<tr>
<td title='testcases.LoginPageTest.verifySignupFunctionality()'><b>verifySignupFunctionality</b><br>Test class: testcases.LoginPageTest</td>
<td></td>
<td>5</td>
<td>testcases.LoginPageTest@71e9ddb4</td></tr>
<tr>
<td title='testcases.HomePageTest.verifySignUpButtonNavigation()'><b>verifySignUpButtonNavigation</b><br>Test class: testcases.HomePageTest</td>
<td></td>
<td>4</td>
<td>testcases.HomePageTest@5b94b04d</td></tr>
<tr>
<td title='testcases.LoginPageTest.verifyInvalidLoginShowsError()'><b>verifyInvalidLoginShowsError</b><br>Test class: testcases.LoginPageTest</td>
<td></td>
<td>13</td>
<td>testcases.LoginPageTest@71e9ddb4</td></tr>
</table><p>
</body>
</html>