<?xml version="1.0" encoding="UTF-8"?>
<testng-results ignored="0" total="3" passed="1" failed="1" skipped="1">
  <reporter-output>
  </reporter-output>
  <suite started-at="2025-08-20T16:10:13 IST" name="Default suite" finished-at="2025-08-20T16:10:19 IST" duration-ms="6531">
    <groups>
    </groups>
    <test started-at="2025-08-20T16:10:13 IST" name="Default test" finished-at="2025-08-20T16:10:19 IST" duration-ms="6531">
      <class name="com.example.seleniumtestngDependancy.GoogleDependencyTest">
        <test-method is-config="true" signature="setUp()[pri:0, instance:com.example.seleniumtestngDependancy.GoogleDependencyTest@192c3f1e]" started-at="2025-08-20T16:10:13 IST" name="setUp" finished-at="2025-08-20T16:10:15 IST" duration-ms="2480" status="PASS">
          <reporter-output>
          </reporter-output>
        </test-method> <!-- setUp -->
        <test-method signature="launchGoogle()[pri:0, instance:com.example.seleniumtestngDependancy.GoogleDependencyTest@192c3f1e]" started-at="2025-08-20T16:10:15 IST" name="launchGoogle" finished-at="2025-08-20T16:10:17 IST" duration-ms="1666" status="PASS">
          <reporter-output>
          </reporter-output>
        </test-method> <!-- launchGoogle -->
        <test-method signature="searchSelenium()[pri:0, instance:com.example.seleniumtestngDependancy.GoogleDependencyTest@192c3f1e]" started-at="2025-08-20T16:10:17 IST" name="searchSelenium" finished-at="2025-08-20T16:10:19 IST" depends-on-methods="com.example.seleniumtestngDependancy.GoogleDependencyTest.launchGoogle" duration-ms="1900" status="FAIL">
          <exception class="java.lang.AssertionError">
            <message>
              <![CDATA[Search failed! expected [true] but found [false]]]>
            </message>
            <full-stacktrace>
              <![CDATA[java.lang.AssertionError: Search failed! expected [true] but found [false]
at org.testng.Assert.fail(Assert.java:111)
at org.testng.Assert.failNotEquals(Assert.java:1590)
at org.testng.Assert.assertTrue(Assert.java:57)
at com.example.seleniumtestngDependancy.GoogleDependencyTest.searchSelenium(GoogleDependencyTest.java:32)
at java.base/jdk.internal.reflect.DirectMethodHandleAccessor.invoke(DirectMethodHandleAccessor.java:103)
at java.base/java.lang.reflect.Method.invoke(Method.java:580)
at org.testng.internal.invokers.MethodInvocationHelper.invokeMethod(MethodInvocationHelper.java:141)
at org.testng.internal.invokers.TestInvoker.invokeMethod(TestInvoker.java:687)
at org.testng.internal.invokers.TestInvoker.invokeTestMethod(TestInvoker.java:230)
at org.testng.internal.invokers.MethodRunner.runInSequence(MethodRunner.java:63)
at org.testng.internal.invokers.TestInvoker$MethodInvocationAgent.invoke(TestInvoker.java:995)
at org.testng.internal.invokers.TestInvoker.invokeTestMethods(TestInvoker.java:203)
at org.testng.internal.invokers.TestMethodWorker.invokeTestMethods(TestMethodWorker.java:154)
at org.testng.internal.invokers.TestMethodWorker.run(TestMethodWorker.java:134)
at java.base/java.util.ArrayList.forEach(ArrayList.java:1597)
at org.testng.TestRunner.privateRun(TestRunner.java:741)
at org.testng.TestRunner.run(TestRunner.java:616)
at org.testng.SuiteRunner.runTest(SuiteRunner.java:421)
at org.testng.SuiteRunner.runSequentially(SuiteRunner.java:413)
at org.testng.SuiteRunner.privateRun(SuiteRunner.java:373)
at org.testng.SuiteRunner.run(SuiteRunner.java:312)
at org.testng.SuiteRunnerWorker.runSuite(SuiteRunnerWorker.java:52)
at org.testng.SuiteRunnerWorker.run(SuiteRunnerWorker.java:95)
at org.testng.TestNG.runSuitesSequentially(TestNG.java:1274)
at org.testng.TestNG.runSuitesLocally(TestNG.java:1208)
at org.testng.TestNG.runSuites(TestNG.java:1112)
at org.testng.TestNG.run(TestNG.java:1079)
at org.testng.remote.AbstractRemoteTestNG.run(AbstractRemoteTestNG.java:115)
at org.testng.remote.RemoteTestNG.initAndRun(RemoteTestNG.java:293)
at org.testng.remote.RemoteTestNG.main(RemoteTestNG.java:91)
]]>
            </full-stacktrace>
          </exception> <!-- java.lang.AssertionError -->
          <reporter-output>
          </reporter-output>
        </test-method> <!-- searchSelenium -->
        <test-method signature="verifyResults()[pri:0, instance:com.example.seleniumtestngDependancy.GoogleDependencyTest@192c3f1e]" started-at="2025-08-20T16:10:19 IST" name="verifyResults" finished-at="2025-08-20T16:10:19 IST" depends-on-methods="com.example.seleniumtestngDependancy.GoogleDependencyTest.searchSelenium" duration-ms="0" status="SKIP">
          <exception class="java.lang.Throwable">
            <message>
              <![CDATA[Method com.example.seleniumtestngDependancy.GoogleDependencyTest.verifyResults() on instance com.example.seleniumtestngDependancy.GoogleDependencyTest@192c3f1e depends on not successfully finished methods 
[com.example.seleniumtestngDependancy.GoogleDependencyTest.searchSelenium() on instance com.example.seleniumtestngDependancy.GoogleDependencyTest@192c3f1e]]]>
            </message>
            <full-stacktrace>
              <![CDATA[java.lang.Throwable: Method com.example.seleniumtestngDependancy.GoogleDependencyTest.verifyResults() on instance com.example.seleniumtestngDependancy.GoogleDependencyTest@192c3f1e depends on not successfully finished methods 
[com.example.seleniumtestngDependancy.GoogleDependencyTest.searchSelenium() on instance com.example.seleniumtestngDependancy.GoogleDependencyTest@192c3f1e]
at org.testng.internal.invokers.TestInvoker.invokeTestMethods(TestInvoker.java:159)
at org.testng.internal.invokers.TestMethodWorker.invokeTestMethods(TestMethodWorker.java:154)
at org.testng.internal.invokers.TestMethodWorker.run(TestMethodWorker.java:134)
at java.base/java.util.ArrayList.forEach(ArrayList.java:1597)
at org.testng.TestRunner.privateRun(TestRunner.java:741)
at org.testng.TestRunner.run(TestRunner.java:616)
at org.testng.SuiteRunner.runTest(SuiteRunner.java:421)
at org.testng.SuiteRunner.runSequentially(SuiteRunner.java:413)
at org.testng.SuiteRunner.privateRun(SuiteRunner.java:373)
at org.testng.SuiteRunner.run(SuiteRunner.java:312)
at org.testng.SuiteRunnerWorker.runSuite(SuiteRunnerWorker.java:52)
at org.testng.SuiteRunnerWorker.run(SuiteRunnerWorker.java:95)
at org.testng.TestNG.runSuitesSequentially(TestNG.java:1274)
at org.testng.TestNG.runSuitesLocally(TestNG.java:1208)
at org.testng.TestNG.runSuites(TestNG.java:1112)
at org.testng.TestNG.run(TestNG.java:1079)
at org.testng.remote.AbstractRemoteTestNG.run(AbstractRemoteTestNG.java:115)
at org.testng.remote.RemoteTestNG.initAndRun(RemoteTestNG.java:293)
at org.testng.remote.RemoteTestNG.main(RemoteTestNG.java:91)
]]>
            </full-stacktrace>
          </exception> <!-- java.lang.Throwable -->
          <reporter-output>
          </reporter-output>
        </test-method> <!-- verifyResults -->
        <test-method is-config="true" signature="tearDown()[pri:0, instance:com.example.seleniumtestngDependancy.GoogleDependencyTest@192c3f1e]" started-at="2025-08-20T16:10:19 IST" name="tearDown" finished-at="2025-08-20T16:10:19 IST" duration-ms="365" status="PASS">
          <reporter-output>
          </reporter-output>
        </test-method> <!-- tearDown -->
      </class> <!-- com.example.seleniumtestngDependancy.GoogleDependencyTest -->
    </test> <!-- Default test -->
  </suite> <!-- Default suite -->
</testng-results>
